{"/home/soumbr/Documents/blinkist/src/App.tsx": {"path":"/home/soumbr/Documents/blinkist/src/App.tsx","statementMap":{"0":{"start":{"line":9,"column":2},"end":{"line":20,"column":4}}},"fnMap":{"0":{"name":"App","decl":{"start":{"line":8,"column":9},"end":{"line":8,"column":12}},"loc":{"start":{"line":8,"column":15},"end":{"line":21,"column":1}},"line":8}},"branchMap":{},"s":{"0":0},"f":{"0":0},"b":{}}
,"/home/soumbr/Documents/blinkist/src/index.tsx": {"path":"/home/soumbr/Documents/blinkist/src/index.tsx","statementMap":{"0":{"start":{"line":7,"column":0},"end":{"line":12,"column":2}},"1":{"start":{"line":17,"column":0},"end":{"line":17,"column":18}}},"fnMap":{},"branchMap":{},"s":{"0":0,"1":0},"f":{},"b":{}}
,"/home/soumbr/Documents/blinkist/src/reportWebVitals.ts": {"path":"/home/soumbr/Documents/blinkist/src/reportWebVitals.ts","statementMap":{"0":{"start":{"line":3,"column":24},"end":{"line":13,"column":1}},"1":{"start":{"line":4,"column":2},"end":{"line":12,"column":3}},"2":{"start":{"line":5,"column":4},"end":{"line":11,"column":7}},"3":{"start":{"line":6,"column":6},"end":{"line":6,"column":26}},"4":{"start":{"line":7,"column":6},"end":{"line":7,"column":26}},"5":{"start":{"line":8,"column":6},"end":{"line":8,"column":26}},"6":{"start":{"line":9,"column":6},"end":{"line":9,"column":26}},"7":{"start":{"line":10,"column":6},"end":{"line":10,"column":27}}},"fnMap":{"0":{"name":"(anonymous_0)","decl":{"start":{"line":3,"column":24},"end":{"line":3,"column":25}},"loc":{"start":{"line":3,"column":57},"end":{"line":13,"column":1}},"line":3},"1":{"name":"(anonymous_1)","decl":{"start":{"line":5,"column":30},"end":{"line":5,"column":31}},"loc":{"start":{"line":5,"column":79},"end":{"line":11,"column":5}},"line":5}},"branchMap":{"0":{"loc":{"start":{"line":4,"column":2},"end":{"line":12,"column":3}},"type":"if","locations":[{"start":{"line":4,"column":2},"end":{"line":12,"column":3}},{"start":{},"end":{}}],"line":4},"1":{"loc":{"start":{"line":4,"column":6},"end":{"line":4,"column":52}},"type":"binary-expr","locations":[{"start":{"line":4,"column":6},"end":{"line":4,"column":17}},{"start":{"line":4,"column":21},"end":{"line":4,"column":52}}],"line":4}},"s":{"0":0,"1":0,"2":0,"3":0,"4":0,"5":0,"6":0,"7":0},"f":{"0":0,"1":0},"b":{"0":[0,0],"1":[0,0]}}
,"/home/soumbr/Documents/blinkist/src/components/atoms/avatar/Avatar.stories.tsx": {"path":"/home/soumbr/Documents/blinkist/src/components/atoms/avatar/Avatar.stories.tsx","statementMap":{"0":{"start":{"line":9,"column":52},"end":{"line":9,"column":84}},"1":{"start":{"line":9,"column":60},"end":{"line":9,"column":84}},"2":{"start":{"line":10,"column":22},"end":{"line":10,"column":39}},"3":{"start":{"line":11,"column":0},"end":{"line":13,"column":1}}},"fnMap":{"0":{"name":"(anonymous_0)","decl":{"start":{"line":9,"column":52},"end":{"line":9,"column":53}},"loc":{"start":{"line":9,"column":60},"end":{"line":9,"column":84}},"line":9}},"branchMap":{},"s":{"0":0,"1":0,"2":0,"3":0},"f":{"0":0},"b":{}}
,"/home/soumbr/Documents/blinkist/src/components/atoms/avatar/AvatarIcon.tsx": {"path":"/home/soumbr/Documents/blinkist/src/components/atoms/avatar/AvatarIcon.tsx","statementMap":{"0":{"start":{"line":7,"column":7},"end":{"line":9,"column":9}}},"fnMap":{"0":{"name":"AvatarIcon","decl":{"start":{"line":6,"column":24},"end":{"line":6,"column":34}},"loc":{"start":{"line":6,"column":53},"end":{"line":10,"column":1}},"line":6}},"branchMap":{},"s":{"0":1},"f":{"0":1},"b":{},"_coverageSchema":"1a1c01bbd47fc00a2c39e90264f33305004495a9","hash":"ab57c9c360bb31c9632c2cba3e6a8a67fa213ecc"}
,"/home/soumbr/Documents/blinkist/src/components/atoms/logo/Logo.stories.tsx": {"path":"/home/soumbr/Documents/blinkist/src/components/atoms/logo/Logo.stories.tsx","statementMap":{"0":{"start":{"line":9,"column":45},"end":{"line":9,"column":70}},"1":{"start":{"line":9,"column":52},"end":{"line":9,"column":70}},"2":{"start":{"line":10,"column":25},"end":{"line":10,"column":42}}},"fnMap":{"0":{"name":"(anonymous_0)","decl":{"start":{"line":9,"column":45},"end":{"line":9,"column":46}},"loc":{"start":{"line":9,"column":52},"end":{"line":9,"column":70}},"line":9}},"branchMap":{},"s":{"0":0,"1":0,"2":0},"f":{"0":0},"b":{}}
,"/home/soumbr/Documents/blinkist/src/components/atoms/logo/Logo.tsx": {"path":"/home/soumbr/Documents/blinkist/src/components/atoms/logo/Logo.tsx","statementMap":{"0":{"start":{"line":7,"column":4},"end":{"line":9,"column":6}}},"fnMap":{"0":{"name":"Logo","decl":{"start":{"line":6,"column":24},"end":{"line":6,"column":28}},"loc":{"start":{"line":6,"column":45},"end":{"line":10,"column":1}},"line":6}},"branchMap":{},"s":{"0":1},"f":{"0":1},"b":{},"_coverageSchema":"1a1c01bbd47fc00a2c39e90264f33305004495a9","hash":"eac7ef59e3bcdac5fbe3a5ec150412028777f7b5"}
,"/home/soumbr/Documents/blinkist/src/components/atoms/typography/TypographyTag.tsx": {"path":"/home/soumbr/Documents/blinkist/src/components/atoms/typography/TypographyTag.tsx","statementMap":{"0":{"start":{"line":11,"column":4},"end":{"line":15,"column":5}}},"fnMap":{"0":{"name":"TypographyTag","decl":{"start":{"line":10,"column":24},"end":{"line":10,"column":37}},"loc":{"start":{"line":10,"column":63},"end":{"line":16,"column":1}},"line":10}},"branchMap":{},"s":{"0":0},"f":{"0":0},"b":{}}
,"/home/soumbr/Documents/blinkist/src/components/molecule/bannner/Banner.stories.tsx": {"path":"/home/soumbr/Documents/blinkist/src/components/molecule/bannner/Banner.stories.tsx","statementMap":{"0":{"start":{"line":7,"column":47},"end":{"line":7,"column":61}},"1":{"start":{"line":7,"column":51},"end":{"line":7,"column":61}},"2":{"start":{"line":8,"column":22},"end":{"line":8,"column":39}}},"fnMap":{"0":{"name":"(anonymous_0)","decl":{"start":{"line":7,"column":47},"end":{"line":7,"column":48}},"loc":{"start":{"line":7,"column":51},"end":{"line":7,"column":61}},"line":7}},"branchMap":{},"s":{"0":0,"1":0,"2":0},"f":{"0":0},"b":{}}
,"/home/soumbr/Documents/blinkist/src/components/molecule/bannner/Banner.tsx": {"path":"/home/soumbr/Documents/blinkist/src/components/molecule/bannner/Banner.tsx","statementMap":{"0":{"start":{"line":6,"column":2},"end":{"line":41,"column":4}}},"fnMap":{"0":{"name":"Banner","decl":{"start":{"line":5,"column":24},"end":{"line":5,"column":30}},"loc":{"start":{"line":5,"column":33},"end":{"line":42,"column":1}},"line":5}},"branchMap":{},"s":{"0":0},"f":{"0":0},"b":{}}
,"/home/soumbr/Documents/blinkist/src/components/molecule/bookViewPageTab/BookViewPageTab.stories.tsx": {"path":"/home/soumbr/Documents/blinkist/src/components/molecule/bookViewPageTab/BookViewPageTab.stories.tsx","statementMap":{"0":{"start":{"line":7,"column":57},"end":{"line":7,"column":96}},"1":{"start":{"line":7,"column":67},"end":{"line":7,"column":96}},"2":{"start":{"line":8,"column":23},"end":{"line":8,"column":40}},"3":{"start":{"line":9,"column":0},"end":{"line":13,"column":1}}},"fnMap":{"0":{"name":"(anonymous_0)","decl":{"start":{"line":7,"column":57},"end":{"line":7,"column":58}},"loc":{"start":{"line":7,"column":67},"end":{"line":7,"column":96}},"line":7}},"branchMap":{},"s":{"0":0,"1":0,"2":0,"3":0},"f":{"0":0},"b":{}}
,"/home/soumbr/Documents/blinkist/src/components/molecule/bookViewPageTab/BookViewPageTab.tsx": {"path":"/home/soumbr/Documents/blinkist/src/components/molecule/bookViewPageTab/BookViewPageTab.tsx","statementMap":{"0":{"start":{"line":18,"column":28},"end":{"line":18,"column":54}},"1":{"start":{"line":20,"column":23},"end":{"line":22,"column":3}},"2":{"start":{"line":21,"column":4},"end":{"line":21,"column":23}},"3":{"start":{"line":23,"column":18},"end":{"line":23,"column":41}},"4":{"start":{"line":24,"column":2},"end":{"line":41,"column":4}}},"fnMap":{"0":{"name":"BookViewPageTab","decl":{"start":{"line":17,"column":24},"end":{"line":17,"column":39}},"loc":{"start":{"line":17,"column":65},"end":{"line":42,"column":1}},"line":17},"1":{"name":"(anonymous_1)","decl":{"start":{"line":20,"column":23},"end":{"line":20,"column":24}},"loc":{"start":{"line":20,"column":74},"end":{"line":22,"column":3}},"line":20}},"branchMap":{},"s":{"0":0,"1":0,"2":0,"3":0,"4":0},"f":{"0":0,"1":0},"b":{}}
,"/home/soumbr/Documents/blinkist/src/components/molecule/bookViewPageTab/BookViewPageTabStyle.tsx": {"path":"/home/soumbr/Documents/blinkist/src/components/molecule/bookViewPageTab/BookViewPageTabStyle.tsx","statementMap":{"0":{"start":{"line":3,"column":37},"end":{"line":20,"column":2}}},"fnMap":{},"branchMap":{},"s":{"0":0},"f":{},"b":{}}
,"/home/soumbr/Documents/blinkist/src/components/molecule/card/BookCard.tsx": {"path":"/home/soumbr/Documents/blinkist/src/components/molecule/card/BookCard.tsx","statementMap":{"0":{"start":{"line":28,"column":18},"end":{"line":28,"column":29}},"1":{"start":{"line":29,"column":2},"end":{"line":98,"column":4}}},"fnMap":{"0":{"name":"BookCard","decl":{"start":{"line":27,"column":24},"end":{"line":27,"column":32}},"loc":{"start":{"line":27,"column":56},"end":{"line":99,"column":1}},"line":27}},"branchMap":{"0":{"loc":{"start":{"line":70,"column":13},"end":{"line":72,"column":13}},"type":"binary-expr","locations":[{"start":{"line":70,"column":13},"end":{"line":70,"column":47}},{"start":{"line":71,"column":14},"end":{"line":71,"column":60}}],"line":70},"1":{"loc":{"start":{"line":73,"column":13},"end":{"line":81,"column":13}},"type":"binary-expr","locations":[{"start":{"line":73,"column":13},"end":{"line":73,"column":38}},{"start":{"line":74,"column":14},"end":{"line":80,"column":21}}],"line":73},"2":{"loc":{"start":{"line":85,"column":9},"end":{"line":89,"column":9}},"type":"binary-expr","locations":[{"start":{"line":85,"column":9},"end":{"line":85,"column":33}},{"start":{"line":86,"column":10},"end":{"line":88,"column":24}}],"line":85},"3":{"loc":{"start":{"line":90,"column":9},"end":{"line":95,"column":9}},"type":"binary-expr","locations":[{"start":{"line":90,"column":9},"end":{"line":90,"column":33}},{"start":{"line":91,"column":10},"end":{"line":93,"column":24}}],"line":90}},"s":{"0":0,"1":0},"f":{"0":0},"b":{"0":[0,0],"1":[0,0],"2":[0,0],"3":[0,0]}}
,"/home/soumbr/Documents/blinkist/src/components/molecule/card/Card.stories.tsx": {"path":"/home/soumbr/Documents/blinkist/src/components/molecule/card/Card.stories.tsx","statementMap":{"0":{"start":{"line":4,"column":19},"end":{"line":4,"column":46}},"1":{"start":{"line":10,"column":50},"end":{"line":10,"column":80}},"2":{"start":{"line":10,"column":58},"end":{"line":10,"column":80}},"3":{"start":{"line":11,"column":27},"end":{"line":11,"column":44}},"4":{"start":{"line":12,"column":0},"end":{"line":20,"column":1}},"5":{"start":{"line":21,"column":29},"end":{"line":21,"column":46}},"6":{"start":{"line":22,"column":0},"end":{"line":30,"column":1}},"7":{"start":{"line":31,"column":23},"end":{"line":31,"column":40}},"8":{"start":{"line":32,"column":0},"end":{"line":39,"column":1}}},"fnMap":{"0":{"name":"(anonymous_0)","decl":{"start":{"line":10,"column":50},"end":{"line":10,"column":51}},"loc":{"start":{"line":10,"column":58},"end":{"line":10,"column":80}},"line":10}},"branchMap":{},"s":{"0":0,"1":0,"2":0,"3":0,"4":0,"5":0,"6":0,"7":0,"8":0},"f":{"0":0},"b":{}}
,"/home/soumbr/Documents/blinkist/src/components/molecule/card/CardStyle.tsx": {"path":"/home/soumbr/Documents/blinkist/src/components/molecule/card/CardStyle.tsx","statementMap":{"0":{"start":{"line":3,"column":25},"end":{"line":74,"column":2}},"1":{"start":{"line":4,"column":2},"end":{"line":73,"column":4}}},"fnMap":{"0":{"name":"(anonymous_0)","decl":{"start":{"line":3,"column":36},"end":{"line":3,"column":37}},"loc":{"start":{"line":3,"column":47},"end":{"line":74,"column":1}},"line":3}},"branchMap":{},"s":{"0":0,"1":0},"f":{"0":0},"b":{}}
,"/home/soumbr/Documents/blinkist/src/components/molecule/customButton/CustomButton.tsx": {"path":"/home/soumbr/Documents/blinkist/src/components/molecule/customButton/CustomButton.tsx","statementMap":{"0":{"start":{"line":9,"column":4},"end":{"line":13,"column":6}}},"fnMap":{"0":{"name":"CustomButton","decl":{"start":{"line":8,"column":24},"end":{"line":8,"column":36}},"loc":{"start":{"line":8,"column":61},"end":{"line":14,"column":1}},"line":8}},"branchMap":{},"s":{"0":0},"f":{"0":0},"b":{}}
,"/home/soumbr/Documents/blinkist/src/components/molecule/extendedNav/ExtendedNav.stories.tsx": {"path":"/home/soumbr/Documents/blinkist/src/components/molecule/extendedNav/ExtendedNav.stories.tsx","statementMap":{"0":{"start":{"line":9,"column":57},"end":{"line":9,"column":93}},"1":{"start":{"line":9,"column":65},"end":{"line":9,"column":93}},"2":{"start":{"line":10,"column":27},"end":{"line":10,"column":44}},"3":{"start":{"line":11,"column":0},"end":{"line":14,"column":1}}},"fnMap":{"0":{"name":"(anonymous_0)","decl":{"start":{"line":9,"column":57},"end":{"line":9,"column":58}},"loc":{"start":{"line":9,"column":65},"end":{"line":9,"column":93}},"line":9}},"branchMap":{},"s":{"0":0,"1":0,"2":0,"3":0},"f":{"0":0},"b":{}}
,"/home/soumbr/Documents/blinkist/src/components/molecule/extendedNav/ExtendedNavLink.tsx": {"path":"/home/soumbr/Documents/blinkist/src/components/molecule/extendedNav/ExtendedNavLink.tsx","statementMap":{"0":{"start":{"line":10,"column":20},"end":{"line":10,"column":42}},"1":{"start":{"line":11,"column":4},"end":{"line":18,"column":6}}},"fnMap":{"0":{"name":"ExtendedNavLink","decl":{"start":{"line":9,"column":24},"end":{"line":9,"column":39}},"loc":{"start":{"line":9,"column":63},"end":{"line":19,"column":1}},"line":9}},"branchMap":{},"s":{"0":0,"1":0},"f":{"0":0},"b":{}}
,"/home/soumbr/Documents/blinkist/src/components/molecule/extendedNav/ExtendedNavLinkStyle.tsx": {"path":"/home/soumbr/Documents/blinkist/src/components/molecule/extendedNav/ExtendedNavLinkStyle.tsx","statementMap":{"0":{"start":{"line":3,"column":36},"end":{"line":31,"column":2}}},"fnMap":{},"branchMap":{},"s":{"0":0},"f":{},"b":{}}
,"/home/soumbr/Documents/blinkist/src/components/molecule/tab/ListTabs.tsx": {"path":"/home/soumbr/Documents/blinkist/src/components/molecule/tab/ListTabs.tsx","statementMap":{"0":{"start":{"line":12,"column":28},"end":{"line":12,"column":63}},"1":{"start":{"line":14,"column":23},"end":{"line":17,"column":3}},"2":{"start":{"line":15,"column":4},"end":{"line":15,"column":23}},"3":{"start":{"line":16,"column":4},"end":{"line":16,"column":55}},"4":{"start":{"line":18,"column":18},"end":{"line":18,"column":33}},"5":{"start":{"line":19,"column":2},"end":{"line":34,"column":4}}},"fnMap":{"0":{"name":"ListTabs","decl":{"start":{"line":11,"column":24},"end":{"line":11,"column":32}},"loc":{"start":{"line":11,"column":55},"end":{"line":35,"column":1}},"line":11},"1":{"name":"(anonymous_1)","decl":{"start":{"line":14,"column":23},"end":{"line":14,"column":24}},"loc":{"start":{"line":14,"column":74},"end":{"line":17,"column":3}},"line":14}},"branchMap":{"0":{"loc":{"start":{"line":16,"column":4},"end":{"line":16,"column":54}},"type":"binary-expr","locations":[{"start":{"line":16,"column":4},"end":{"line":16,"column":22}},{"start":{"line":16,"column":26},"end":{"line":16,"column":54}}],"line":16}},"s":{"0":0,"1":0,"2":0,"3":0,"4":0,"5":0},"f":{"0":0,"1":0},"b":{"0":[0,0]}}
,"/home/soumbr/Documents/blinkist/src/components/molecule/tab/ListTabsStyle.tsx": {"path":"/home/soumbr/Documents/blinkist/src/components/molecule/tab/ListTabsStyle.tsx","statementMap":{"0":{"start":{"line":3,"column":29},"end":{"line":17,"column":2}}},"fnMap":{},"branchMap":{},"s":{"0":0},"f":{},"b":{}}
,"/home/soumbr/Documents/blinkist/src/components/molecule/tab/Tabs.stories.tsx": {"path":"/home/soumbr/Documents/blinkist/src/components/molecule/tab/Tabs.stories.tsx","statementMap":{"0":{"start":{"line":8,"column":50},"end":{"line":10,"column":1}},"1":{"start":{"line":9,"column":2},"end":{"line":9,"column":24}},"2":{"start":{"line":11,"column":22},"end":{"line":11,"column":39}}},"fnMap":{"0":{"name":"(anonymous_0)","decl":{"start":{"line":8,"column":50},"end":{"line":8,"column":51}},"loc":{"start":{"line":9,"column":2},"end":{"line":9,"column":24}},"line":9}},"branchMap":{},"s":{"0":0,"1":0,"2":0},"f":{"0":0},"b":{}}
,"/home/soumbr/Documents/blinkist/src/components/organisms/MyLibrary/MyLibrary.stories.tsx": {"path":"/home/soumbr/Documents/blinkist/src/components/organisms/MyLibrary/MyLibrary.stories.tsx","statementMap":{"0":{"start":{"line":8,"column":52},"end":{"line":8,"column":103}},"1":{"start":{"line":8,"column":58},"end":{"line":8,"column":103}},"2":{"start":{"line":9,"column":24},"end":{"line":9,"column":41}}},"fnMap":{"0":{"name":"(anonymous_0)","decl":{"start":{"line":8,"column":52},"end":{"line":8,"column":53}},"loc":{"start":{"line":8,"column":58},"end":{"line":8,"column":103}},"line":8}},"branchMap":{},"s":{"0":0,"1":0,"2":0},"f":{"0":0},"b":{}}
,"/home/soumbr/Documents/blinkist/src/components/organisms/MyLibrary/MyLibrary.tsx": {"path":"/home/soumbr/Documents/blinkist/src/components/organisms/MyLibrary/MyLibrary.tsx","statementMap":{"0":{"start":{"line":23,"column":18},"end":{"line":100,"column":1}},"1":{"start":{"line":24,"column":20},"end":{"line":29,"column":4}},"2":{"start":{"line":30,"column":18},"end":{"line":30,"column":29}},"3":{"start":{"line":31,"column":19},"end":{"line":31,"column":32}},"4":{"start":{"line":32,"column":56},"end":{"line":32,"column":76}},"5":{"start":{"line":33,"column":44},"end":{"line":33,"column":64}},"6":{"start":{"line":34,"column":42},"end":{"line":34,"column":71}},"7":{"start":{"line":35,"column":2},"end":{"line":45,"column":8}},"8":{"start":{"line":36,"column":23},"end":{"line":43,"column":5}},"9":{"start":{"line":37,"column":21},"end":{"line":37,"column":74}},"10":{"start":{"line":38,"column":19},"end":{"line":38,"column":38}},"11":{"start":{"line":39,"column":6},"end":{"line":41,"column":8}},"12":{"start":{"line":40,"column":38},"end":{"line":40,"column":71}},"13":{"start":{"line":42,"column":6},"end":{"line":42,"column":80}},"14":{"start":{"line":42,"column":53},"end":{"line":42,"column":77}},"15":{"start":{"line":44,"column":4},"end":{"line":44,"column":17}},"16":{"start":{"line":46,"column":22},"end":{"line":48,"column":3}},"17":{"start":{"line":47,"column":4},"end":{"line":47,"column":27}},"18":{"start":{"line":50,"column":16},"end":{"line":71,"column":3}},"19":{"start":{"line":51,"column":4},"end":{"line":70,"column":7}},"20":{"start":{"line":52,"column":6},"end":{"line":69,"column":8}},"21":{"start":{"line":64,"column":14},"end":{"line":64,"column":44}},"22":{"start":{"line":65,"column":14},"end":{"line":65,"column":35}},"23":{"start":{"line":72,"column":2},"end":{"line":99,"column":4}}},"fnMap":{"0":{"name":"(anonymous_0)","decl":{"start":{"line":23,"column":18},"end":{"line":23,"column":19}},"loc":{"start":{"line":23,"column":24},"end":{"line":100,"column":1}},"line":23},"1":{"name":"(anonymous_1)","decl":{"start":{"line":35,"column":12},"end":{"line":35,"column":13}},"loc":{"start":{"line":35,"column":18},"end":{"line":45,"column":3}},"line":35},"2":{"name":"(anonymous_2)","decl":{"start":{"line":36,"column":23},"end":{"line":36,"column":24}},"loc":{"start":{"line":36,"column":35},"end":{"line":43,"column":5}},"line":36},"3":{"name":"(anonymous_3)","decl":{"start":{"line":40,"column":22},"end":{"line":40,"column":23}},"loc":{"start":{"line":40,"column":38},"end":{"line":40,"column":71}},"line":40},"4":{"name":"(anonymous_4)","decl":{"start":{"line":42,"column":37},"end":{"line":42,"column":38}},"loc":{"start":{"line":42,"column":53},"end":{"line":42,"column":77}},"line":42},"5":{"name":"(anonymous_5)","decl":{"start":{"line":46,"column":22},"end":{"line":46,"column":23}},"loc":{"start":{"line":46,"column":41},"end":{"line":48,"column":3}},"line":46},"6":{"name":"(anonymous_6)","decl":{"start":{"line":50,"column":16},"end":{"line":50,"column":17}},"loc":{"start":{"line":50,"column":35},"end":{"line":71,"column":3}},"line":50},"7":{"name":"(anonymous_7)","decl":{"start":{"line":51,"column":21},"end":{"line":51,"column":22}},"loc":{"start":{"line":51,"column":43},"end":{"line":70,"column":5}},"line":51},"8":{"name":"(anonymous_8)","decl":{"start":{"line":63,"column":21},"end":{"line":63,"column":22}},"loc":{"start":{"line":63,"column":27},"end":{"line":66,"column":13}},"line":63}},"branchMap":{},"s":{"0":0,"1":0,"2":0,"3":0,"4":0,"5":0,"6":0,"7":0,"8":0,"9":0,"10":0,"11":0,"12":0,"13":0,"14":0,"15":0,"16":0,"17":0,"18":0,"19":0,"20":0,"21":0,"22":0,"23":0},"f":{"0":0,"1":0,"2":0,"3":0,"4":0,"5":0,"6":0,"7":0,"8":0},"b":{}}
,"/home/soumbr/Documents/blinkist/src/components/organisms/bookView/BookView.stories.tsx": {"path":"/home/soumbr/Documents/blinkist/src/components/organisms/bookView/BookView.stories.tsx","statementMap":{"0":{"start":{"line":8,"column":49},"end":{"line":8,"column":96}},"1":{"start":{"line":8,"column":53},"end":{"line":8,"column":96}},"2":{"start":{"line":9,"column":24},"end":{"line":9,"column":41}}},"fnMap":{"0":{"name":"(anonymous_0)","decl":{"start":{"line":8,"column":49},"end":{"line":8,"column":50}},"loc":{"start":{"line":8,"column":53},"end":{"line":8,"column":96}},"line":8}},"branchMap":{},"s":{"0":0,"1":0,"2":0},"f":{"0":0},"b":{}}
,"/home/soumbr/Documents/blinkist/src/components/organisms/bookView/BookView.tsx": {"path":"/home/soumbr/Documents/blinkist/src/components/organisms/bookView/BookView.tsx","statementMap":{"0":{"start":{"line":11,"column":17},"end":{"line":18,"column":2}},"1":{"start":{"line":32,"column":19},"end":{"line":32,"column":32}},"2":{"start":{"line":33,"column":16},"end":{"line":33,"column":57}},"3":{"start":{"line":34,"column":13},"end":{"line":34,"column":28}},"4":{"start":{"line":35,"column":26},"end":{"line":35,"column":48}},"5":{"start":{"line":36,"column":2},"end":{"line":43,"column":11}},"6":{"start":{"line":38,"column":6},"end":{"line":40,"column":9}},"7":{"start":{"line":39,"column":8},"end":{"line":39,"column":26}},"8":{"start":{"line":42,"column":4},"end":{"line":42,"column":15}},"9":{"start":{"line":44,"column":18},"end":{"line":44,"column":28}},"10":{"start":{"line":45,"column":22},"end":{"line":63,"column":3}},"11":{"start":{"line":47,"column":4},"end":{"line":47,"column":22}},"12":{"start":{"line":48,"column":4},"end":{"line":60,"column":6}},"13":{"start":{"line":58,"column":6},"end":{"line":58,"column":28}},"14":{"start":{"line":61,"column":4},"end":{"line":61,"column":18}},"15":{"start":{"line":64,"column":2},"end":{"line":149,"column":4}}},"fnMap":{"0":{"name":"BookView","decl":{"start":{"line":31,"column":24},"end":{"line":31,"column":32}},"loc":{"start":{"line":31,"column":45},"end":{"line":150,"column":1}},"line":31},"1":{"name":"(anonymous_1)","decl":{"start":{"line":36,"column":12},"end":{"line":36,"column":13}},"loc":{"start":{"line":36,"column":18},"end":{"line":43,"column":3}},"line":36},"2":{"name":"bookData","decl":{"start":{"line":37,"column":19},"end":{"line":37,"column":27}},"loc":{"start":{"line":37,"column":30},"end":{"line":41,"column":5}},"line":37},"3":{"name":"(anonymous_3)","decl":{"start":{"line":38,"column":64},"end":{"line":38,"column":65}},"loc":{"start":{"line":38,"column":73},"end":{"line":40,"column":7}},"line":38},"4":{"name":"(anonymous_4)","decl":{"start":{"line":45,"column":22},"end":{"line":45,"column":23}},"loc":{"start":{"line":45,"column":32},"end":{"line":63,"column":3}},"line":45},"5":{"name":"(anonymous_5)","decl":{"start":{"line":57,"column":10},"end":{"line":57,"column":11}},"loc":{"start":{"line":57,"column":17},"end":{"line":60,"column":5}},"line":57}},"branchMap":{},"s":{"0":0,"1":0,"2":0,"3":0,"4":0,"5":0,"6":0,"7":0,"8":0,"9":0,"10":0,"11":0,"12":0,"13":0,"14":0,"15":0},"f":{"0":0,"1":0,"2":0,"3":0,"4":0,"5":0},"b":{}}
,"/home/soumbr/Documents/blinkist/src/components/organisms/explore/Explore.stories.tsx": {"path":"/home/soumbr/Documents/blinkist/src/components/organisms/explore/Explore.stories.tsx","statementMap":{"0":{"start":{"line":9,"column":49},"end":{"line":9,"column":64}},"1":{"start":{"line":9,"column":53},"end":{"line":9,"column":64}},"2":{"start":{"line":10,"column":23},"end":{"line":10,"column":40}}},"fnMap":{"0":{"name":"(anonymous_0)","decl":{"start":{"line":9,"column":49},"end":{"line":9,"column":50}},"loc":{"start":{"line":9,"column":53},"end":{"line":9,"column":64}},"line":9}},"branchMap":{},"s":{"0":0,"1":0,"2":0},"f":{"0":0},"b":{}}
,"/home/soumbr/Documents/blinkist/src/components/organisms/explore/Explore.tsx": {"path":"/home/soumbr/Documents/blinkist/src/components/organisms/explore/Explore.tsx","statementMap":{"0":{"start":{"line":11,"column":17},"end":{"line":32,"column":2}},"1":{"start":{"line":35,"column":24},"end":{"line":35,"column":39}},"2":{"start":{"line":36,"column":30},"end":{"line":36,"column":44}},"3":{"start":{"line":37,"column":34},"end":{"line":37,"column":74}},"4":{"start":{"line":38,"column":21},"end":{"line":40,"column":3}},"5":{"start":{"line":39,"column":4},"end":{"line":39,"column":23}},"6":{"start":{"line":41,"column":22},"end":{"line":51,"column":3}},"7":{"start":{"line":42,"column":4},"end":{"line":48,"column":5}},"8":{"start":{"line":43,"column":6},"end":{"line":43,"column":24}},"9":{"start":{"line":46,"column":6},"end":{"line":46,"column":39}},"10":{"start":{"line":49,"column":4},"end":{"line":49,"column":19}},"11":{"start":{"line":50,"column":4},"end":{"line":50,"column":17}},"12":{"start":{"line":52,"column":22},"end":{"line":54,"column":3}},"13":{"start":{"line":53,"column":4},"end":{"line":53,"column":19}},"14":{"start":{"line":55,"column":18},"end":{"line":55,"column":28}},"15":{"start":{"line":56,"column":2},"end":{"line":123,"column":4}},"16":{"start":{"line":115,"column":31},"end":{"line":115,"column":54}}},"fnMap":{"0":{"name":"Explore","decl":{"start":{"line":34,"column":24},"end":{"line":34,"column":31}},"loc":{"start":{"line":34,"column":34},"end":{"line":124,"column":1}},"line":34},"1":{"name":"(anonymous_1)","decl":{"start":{"line":38,"column":21},"end":{"line":38,"column":22}},"loc":{"start":{"line":38,"column":27},"end":{"line":40,"column":3}},"line":38},"2":{"name":"(anonymous_2)","decl":{"start":{"line":41,"column":22},"end":{"line":41,"column":23}},"loc":{"start":{"line":41,"column":38},"end":{"line":51,"column":3}},"line":41},"3":{"name":"(anonymous_3)","decl":{"start":{"line":52,"column":22},"end":{"line":52,"column":23}},"loc":{"start":{"line":52,"column":28},"end":{"line":54,"column":3}},"line":52},"4":{"name":"(anonymous_4)","decl":{"start":{"line":115,"column":20},"end":{"line":115,"column":21}},"loc":{"start":{"line":115,"column":31},"end":{"line":115,"column":54}},"line":115}},"branchMap":{"0":{"loc":{"start":{"line":42,"column":4},"end":{"line":48,"column":5}},"type":"if","locations":[{"start":{"line":42,"column":4},"end":{"line":48,"column":5}},{"start":{"line":45,"column":11},"end":{"line":48,"column":5}}],"line":42},"1":{"loc":{"start":{"line":68,"column":13},"end":{"line":68,"column":61}},"type":"cond-expr","locations":[{"start":{"line":68,"column":22},"end":{"line":68,"column":40}},{"start":{"line":68,"column":43},"end":{"line":68,"column":61}}],"line":68},"2":{"loc":{"start":{"line":71,"column":9},"end":{"line":82,"column":9}},"type":"binary-expr","locations":[{"start":{"line":71,"column":9},"end":{"line":71,"column":16}},{"start":{"line":72,"column":10},"end":{"line":81,"column":12}}],"line":71}},"s":{"0":0,"1":0,"2":0,"3":0,"4":0,"5":0,"6":0,"7":0,"8":0,"9":0,"10":0,"11":0,"12":0,"13":0,"14":0,"15":0,"16":0},"f":{"0":0,"1":0,"2":0,"3":0,"4":0},"b":{"0":[0,0],"1":[0,0],"2":[0,0]}}
,"/home/soumbr/Documents/blinkist/src/components/organisms/explore/ExploreGridItems.tsx": {"path":"/home/soumbr/Documents/blinkist/src/components/organisms/explore/ExploreGridItems.tsx","statementMap":{"0":{"start":{"line":24,"column":17},"end":{"line":41,"column":2}},"1":{"start":{"line":44,"column":18},"end":{"line":44,"column":28}},"2":{"start":{"line":45,"column":2},"end":{"line":208,"column":4}}},"fnMap":{"0":{"name":"ExploreGridItems","decl":{"start":{"line":43,"column":24},"end":{"line":43,"column":40}},"loc":{"start":{"line":43,"column":43},"end":{"line":209,"column":1}},"line":43}},"branchMap":{},"s":{"0":0,"1":0,"2":0},"f":{"0":0},"b":{}}
,"/home/soumbr/Documents/blinkist/src/components/organisms/exploreBooks/ExploreBooks.stories.tsx": {"path":"/home/soumbr/Documents/blinkist/src/components/organisms/exploreBooks/ExploreBooks.stories.tsx","statementMap":{"0":{"start":{"line":8,"column":54},"end":{"line":8,"column":105}},"1":{"start":{"line":8,"column":58},"end":{"line":8,"column":105}},"2":{"start":{"line":9,"column":21},"end":{"line":9,"column":38}}},"fnMap":{"0":{"name":"(anonymous_0)","decl":{"start":{"line":8,"column":54},"end":{"line":8,"column":55}},"loc":{"start":{"line":8,"column":58},"end":{"line":8,"column":105}},"line":8}},"branchMap":{},"s":{"0":0,"1":0,"2":0},"f":{"0":0},"b":{}}
,"/home/soumbr/Documents/blinkist/src/components/organisms/exploreBooks/ExploreBooks.tsx": {"path":"/home/soumbr/Documents/blinkist/src/components/organisms/exploreBooks/ExploreBooks.tsx","statementMap":{"0":{"start":{"line":20,"column":44},"end":{"line":20,"column":64}},"1":{"start":{"line":21,"column":46},"end":{"line":21,"column":66}},"2":{"start":{"line":22,"column":38},"end":{"line":22,"column":58}},"3":{"start":{"line":23,"column":2},"end":{"line":39,"column":9}},"4":{"start":{"line":25,"column":6},"end":{"line":36,"column":9}},"5":{"start":{"line":26,"column":21},"end":{"line":26,"column":29}},"6":{"start":{"line":27,"column":8},"end":{"line":29,"column":10}},"7":{"start":{"line":28,"column":38},"end":{"line":28,"column":73}},"8":{"start":{"line":30,"column":8},"end":{"line":32,"column":10}},"9":{"start":{"line":31,"column":38},"end":{"line":31,"column":68}},"10":{"start":{"line":33,"column":8},"end":{"line":35,"column":10}},"11":{"start":{"line":34,"column":38},"end":{"line":34,"column":79}},"12":{"start":{"line":38,"column":4},"end":{"line":38,"column":17}},"13":{"start":{"line":40,"column":19},"end":{"line":40,"column":32}},"14":{"start":{"line":41,"column":16},"end":{"line":62,"column":3}},"15":{"start":{"line":42,"column":4},"end":{"line":61,"column":7}},"16":{"start":{"line":43,"column":6},"end":{"line":60,"column":8}},"17":{"start":{"line":55,"column":14},"end":{"line":55,"column":46}},"18":{"start":{"line":56,"column":14},"end":{"line":56,"column":36}},"19":{"start":{"line":63,"column":2},"end":{"line":90,"column":4}}},"fnMap":{"0":{"name":"ExploreBooks","decl":{"start":{"line":19,"column":24},"end":{"line":19,"column":36}},"loc":{"start":{"line":19,"column":39},"end":{"line":91,"column":1}},"line":19},"1":{"name":"(anonymous_1)","decl":{"start":{"line":23,"column":12},"end":{"line":23,"column":13}},"loc":{"start":{"line":23,"column":18},"end":{"line":39,"column":3}},"line":23},"2":{"name":"fetchBooks","decl":{"start":{"line":24,"column":19},"end":{"line":24,"column":29}},"loc":{"start":{"line":24,"column":32},"end":{"line":37,"column":5}},"line":24},"3":{"name":"(anonymous_3)","decl":{"start":{"line":25,"column":58},"end":{"line":25,"column":59}},"loc":{"start":{"line":25,"column":67},"end":{"line":36,"column":7}},"line":25},"4":{"name":"(anonymous_4)","decl":{"start":{"line":28,"column":22},"end":{"line":28,"column":23}},"loc":{"start":{"line":28,"column":38},"end":{"line":28,"column":73}},"line":28},"5":{"name":"(anonymous_5)","decl":{"start":{"line":31,"column":22},"end":{"line":31,"column":23}},"loc":{"start":{"line":31,"column":38},"end":{"line":31,"column":68}},"line":31},"6":{"name":"(anonymous_6)","decl":{"start":{"line":34,"column":22},"end":{"line":34,"column":23}},"loc":{"start":{"line":34,"column":38},"end":{"line":34,"column":79}},"line":34},"7":{"name":"(anonymous_7)","decl":{"start":{"line":41,"column":16},"end":{"line":41,"column":17}},"loc":{"start":{"line":41,"column":35},"end":{"line":62,"column":3}},"line":41},"8":{"name":"(anonymous_8)","decl":{"start":{"line":42,"column":21},"end":{"line":42,"column":22}},"loc":{"start":{"line":42,"column":44},"end":{"line":61,"column":5}},"line":42},"9":{"name":"(anonymous_9)","decl":{"start":{"line":54,"column":21},"end":{"line":54,"column":22}},"loc":{"start":{"line":54,"column":27},"end":{"line":57,"column":13}},"line":54}},"branchMap":{},"s":{"0":0,"1":0,"2":0,"3":0,"4":0,"5":0,"6":0,"7":0,"8":0,"9":0,"10":0,"11":0,"12":0,"13":0,"14":0,"15":0,"16":0,"17":0,"18":0,"19":0},"f":{"0":0,"1":0,"2":0,"3":0,"4":0,"5":0,"6":0,"7":0,"8":0,"9":0},"b":{}}
,"/home/soumbr/Documents/blinkist/src/components/organisms/footer/Footer.stories.tsx": {"path":"/home/soumbr/Documents/blinkist/src/components/organisms/footer/Footer.stories.tsx","statementMap":{"0":{"start":{"line":8,"column":47},"end":{"line":8,"column":63}},"1":{"start":{"line":8,"column":53},"end":{"line":8,"column":63}},"2":{"start":{"line":10,"column":22},"end":{"line":10,"column":39}}},"fnMap":{"0":{"name":"(anonymous_0)","decl":{"start":{"line":8,"column":47},"end":{"line":8,"column":48}},"loc":{"start":{"line":8,"column":53},"end":{"line":8,"column":63}},"line":8}},"branchMap":{},"s":{"0":0,"1":0,"2":0},"f":{"0":0},"b":{}}
,"/home/soumbr/Documents/blinkist/src/components/organisms/footer/Footer.tsx": {"path":"/home/soumbr/Documents/blinkist/src/components/organisms/footer/Footer.tsx","statementMap":{"0":{"start":{"line":8,"column":18},"end":{"line":8,"column":31}},"1":{"start":{"line":9,"column":2},"end":{"line":43,"column":4}}},"fnMap":{"0":{"name":"Footer","decl":{"start":{"line":7,"column":24},"end":{"line":7,"column":30}},"loc":{"start":{"line":7,"column":33},"end":{"line":44,"column":1}},"line":7}},"branchMap":{},"s":{"0":0,"1":0},"f":{"0":0},"b":{}}
,"/home/soumbr/Documents/blinkist/src/components/organisms/footer/FooterStyle.tsx": {"path":"/home/soumbr/Documents/blinkist/src/components/organisms/footer/FooterStyle.tsx","statementMap":{"0":{"start":{"line":2,"column":27},"end":{"line":9,"column":2}},"1":{"start":{"line":3,"column":2},"end":{"line":8,"column":2}}},"fnMap":{"0":{"name":"(anonymous_0)","decl":{"start":{"line":2,"column":38},"end":{"line":2,"column":39}},"loc":{"start":{"line":2,"column":47},"end":{"line":9,"column":1}},"line":2}},"branchMap":{},"s":{"0":0,"1":0},"f":{"0":0},"b":{}}
,"/home/soumbr/Documents/blinkist/src/components/organisms/footer/nav item/NavItem.stories.tsx": {"path":"/home/soumbr/Documents/blinkist/src/components/organisms/footer/nav item/NavItem.stories.tsx","statementMap":{"0":{"start":{"line":7,"column":49},"end":{"line":7,"column":78}},"1":{"start":{"line":7,"column":57},"end":{"line":7,"column":78}},"2":{"start":{"line":9,"column":23},"end":{"line":9,"column":40}},"3":{"start":{"line":10,"column":27},"end":{"line":10,"column":67}},"4":{"start":{"line":11,"column":0},"end":{"line":15,"column":1}}},"fnMap":{"0":{"name":"(anonymous_0)","decl":{"start":{"line":7,"column":49},"end":{"line":7,"column":50}},"loc":{"start":{"line":7,"column":57},"end":{"line":7,"column":78}},"line":7}},"branchMap":{},"s":{"0":0,"1":0,"2":0,"3":0,"4":0},"f":{"0":0},"b":{}}
,"/home/soumbr/Documents/blinkist/src/components/organisms/footer/nav item/NavItem.tsx": {"path":"/home/soumbr/Documents/blinkist/src/components/organisms/footer/nav item/NavItem.tsx","statementMap":{"0":{"start":{"line":14,"column":2},"end":{"line":18,"column":4}},"1":{"start":{"line":21,"column":2},"end":{"line":28,"column":4}},"2":{"start":{"line":25,"column":8},"end":{"line":25,"column":40}}},"fnMap":{"0":{"name":"Item","decl":{"start":{"line":13,"column":9},"end":{"line":13,"column":13}},"loc":{"start":{"line":13,"column":32},"end":{"line":19,"column":1}},"line":13},"1":{"name":"NavItem","decl":{"start":{"line":20,"column":24},"end":{"line":20,"column":31}},"loc":{"start":{"line":20,"column":53},"end":{"line":29,"column":1}},"line":20},"2":{"name":"(anonymous_2)","decl":{"start":{"line":24,"column":23},"end":{"line":24,"column":24}},"loc":{"start":{"line":25,"column":8},"end":{"line":25,"column":40}},"line":25}},"branchMap":{},"s":{"0":0,"1":0,"2":0},"f":{"0":0,"1":0,"2":0},"b":{}}
,"/home/soumbr/Documents/blinkist/src/components/organisms/footer/nav section/NavSection.stories.tsx": {"path":"/home/soumbr/Documents/blinkist/src/components/organisms/footer/nav section/NavSection.stories.tsx","statementMap":{"0":{"start":{"line":7,"column":52},"end":{"line":7,"column":72}},"1":{"start":{"line":7,"column":58},"end":{"line":7,"column":72}},"2":{"start":{"line":9,"column":26},"end":{"line":9,"column":43}}},"fnMap":{"0":{"name":"(anonymous_0)","decl":{"start":{"line":7,"column":52},"end":{"line":7,"column":53}},"loc":{"start":{"line":7,"column":58},"end":{"line":7,"column":72}},"line":7}},"branchMap":{},"s":{"0":0,"1":0,"2":0},"f":{"0":0},"b":{}}
,"/home/soumbr/Documents/blinkist/src/components/organisms/footer/nav section/NavSection.tsx": {"path":"/home/soumbr/Documents/blinkist/src/components/organisms/footer/nav section/NavSection.tsx","statementMap":{"0":{"start":{"line":4,"column":35},"end":{"line":4,"column":113}},"1":{"start":{"line":5,"column":33},"end":{"line":5,"column":113}},"2":{"start":{"line":6,"column":33},"end":{"line":6,"column":81}},"3":{"start":{"line":7,"column":4},"end":{"line":13,"column":6}}},"fnMap":{"0":{"name":"NavSection","decl":{"start":{"line":3,"column":24},"end":{"line":3,"column":34}},"loc":{"start":{"line":3,"column":36},"end":{"line":14,"column":1}},"line":3}},"branchMap":{},"s":{"0":0,"1":0,"2":0,"3":0},"f":{"0":0},"b":{}}
,"/home/soumbr/Documents/blinkist/src/components/organisms/header/Header.stories.tsx": {"path":"/home/soumbr/Documents/blinkist/src/components/organisms/header/Header.stories.tsx","statementMap":{"0":{"start":{"line":8,"column":47},"end":{"line":8,"column":64}},"1":{"start":{"line":8,"column":53},"end":{"line":8,"column":64}},"2":{"start":{"line":10,"column":25},"end":{"line":10,"column":42}}},"fnMap":{"0":{"name":"(anonymous_0)","decl":{"start":{"line":8,"column":47},"end":{"line":8,"column":48}},"loc":{"start":{"line":8,"column":53},"end":{"line":8,"column":64}},"line":8}},"branchMap":{},"s":{"0":0,"1":0,"2":0},"f":{"0":0},"b":{}}
,"/home/soumbr/Documents/blinkist/src/components/organisms/header/Header.tsx": {"path":"/home/soumbr/Documents/blinkist/src/components/organisms/header/Header.tsx","statementMap":{"0":{"start":{"line":15,"column":17},"end":{"line":21,"column":2}},"1":{"start":{"line":23,"column":18},"end":{"line":23,"column":28}},"2":{"start":{"line":24,"column":2},"end":{"line":68,"column":4}}},"fnMap":{"0":{"name":"Header","decl":{"start":{"line":22,"column":24},"end":{"line":22,"column":30}},"loc":{"start":{"line":22,"column":33},"end":{"line":69,"column":1}},"line":22}},"branchMap":{},"s":{"0":0,"1":0,"2":0},"f":{"0":0},"b":{}}
,"/home/soumbr/Documents/blinkist/src/components/organisms/searchInput/SearchInput.stories.tsx": {"path":"/home/soumbr/Documents/blinkist/src/components/organisms/searchInput/SearchInput.stories.tsx","statementMap":{"0":{"start":{"line":8,"column":53},"end":{"line":8,"column":72}},"1":{"start":{"line":8,"column":57},"end":{"line":8,"column":72}},"2":{"start":{"line":9,"column":27},"end":{"line":9,"column":44}}},"fnMap":{"0":{"name":"(anonymous_0)","decl":{"start":{"line":8,"column":53},"end":{"line":8,"column":54}},"loc":{"start":{"line":8,"column":57},"end":{"line":8,"column":72}},"line":8}},"branchMap":{},"s":{"0":0,"1":0,"2":0},"f":{"0":0},"b":{}}
,"/home/soumbr/Documents/blinkist/src/components/organisms/searchInput/SearchInput.tsx": {"path":"/home/soumbr/Documents/blinkist/src/components/organisms/searchInput/SearchInput.tsx","statementMap":{"0":{"start":{"line":6,"column":2},"end":{"line":30,"column":4}}},"fnMap":{"0":{"name":"SearchInput","decl":{"start":{"line":5,"column":24},"end":{"line":5,"column":35}},"loc":{"start":{"line":5,"column":38},"end":{"line":31,"column":1}},"line":5}},"branchMap":{},"s":{"0":0},"f":{"0":0},"b":{}}
,"/home/soumbr/Documents/blinkist/src/page/BookViewPage.tsx": {"path":"/home/soumbr/Documents/blinkist/src/page/BookViewPage.tsx","statementMap":{"0":{"start":{"line":5,"column":2},"end":{"line":11,"column":4}}},"fnMap":{"0":{"name":"BookViewPage","decl":{"start":{"line":4,"column":24},"end":{"line":4,"column":36}},"loc":{"start":{"line":4,"column":49},"end":{"line":12,"column":1}},"line":4}},"branchMap":{},"s":{"0":0},"f":{"0":0},"b":{}}
,"/home/soumbr/Documents/blinkist/src/page/EnterpreneurshipPage.tsx": {"path":"/home/soumbr/Documents/blinkist/src/page/EnterpreneurshipPage.tsx","statementMap":{"0":{"start":{"line":7,"column":2},"end":{"line":15,"column":4}}},"fnMap":{"0":{"name":"EnterpreneurshipPage","decl":{"start":{"line":6,"column":24},"end":{"line":6,"column":44}},"loc":{"start":{"line":6,"column":47},"end":{"line":16,"column":1}},"line":6}},"branchMap":{},"s":{"0":0},"f":{"0":0},"b":{}}
,"/home/soumbr/Documents/blinkist/src/page/MyLibrary.stories.tsx": {"path":"/home/soumbr/Documents/blinkist/src/page/MyLibrary.stories.tsx","statementMap":{"0":{"start":{"line":9,"column":54},"end":{"line":9,"column":120}},"1":{"start":{"line":9,"column":63},"end":{"line":9,"column":120}},"2":{"start":{"line":10,"column":20},"end":{"line":10,"column":37}},"3":{"start":{"line":11,"column":0},"end":{"line":13,"column":1}}},"fnMap":{"0":{"name":"(anonymous_0)","decl":{"start":{"line":9,"column":54},"end":{"line":9,"column":55}},"loc":{"start":{"line":9,"column":63},"end":{"line":9,"column":120}},"line":9}},"branchMap":{},"s":{"0":0,"1":0,"2":0,"3":0},"f":{"0":0},"b":{}}
,"/home/soumbr/Documents/blinkist/src/page/MyLibraryPage.tsx": {"path":"/home/soumbr/Documents/blinkist/src/page/MyLibraryPage.tsx","statementMap":{"0":{"start":{"line":5,"column":2},"end":{"line":11,"column":4}}},"fnMap":{"0":{"name":"MyLibraryPage","decl":{"start":{"line":4,"column":24},"end":{"line":4,"column":37}},"loc":{"start":{"line":4,"column":50},"end":{"line":12,"column":1}},"line":4}},"branchMap":{},"s":{"0":0},"f":{"0":0},"b":{}}
,"/home/soumbr/Documents/blinkist/src/theme/blinkistTheme.tsx": {"path":"/home/soumbr/Documents/blinkist/src/theme/blinkistTheme.tsx","statementMap":{"0":{"start":{"line":3,"column":29},"end":{"line":133,"column":2}}},"fnMap":{},"branchMap":{},"s":{"0":0},"f":{},"b":{}}
}
