TN:
SF:src/App.tsx
FN:8,App
FNF:1
FNH:0
FNDA:0,App
DA:9,0
LF:1
LH:0
BRF:0
BRH:0
end_of_record
TN:
SF:src/index.tsx
FNF:0
FNH:0
DA:7,0
DA:17,0
LF:2
LH:0
BRF:0
BRH:0
end_of_record
TN:
SF:src/reportWebVitals.ts
FN:3,(anonymous_0)
FN:5,(anonymous_1)
FNF:2
FNH:0
FNDA:0,(anonymous_0)
FNDA:0,(anonymous_1)
DA:3,0
DA:4,0
DA:5,0
DA:6,0
DA:7,0
DA:8,0
DA:9,0
DA:10,0
LF:8
LH:0
BRDA:4,0,0,0
BRDA:4,0,1,0
BRDA:4,1,0,0
BRDA:4,1,1,0
BRF:4
BRH:0
end_of_record
TN:
SF:src/components/atoms/avatar/Avatar.stories.tsx
FN:9,(anonymous_0)
FNF:1
FNH:0
FNDA:0,(anonymous_0)
DA:9,0
DA:10,0
DA:11,0
LF:3
LH:0
BRF:0
BRH:0
end_of_record
TN:
SF:src/components/atoms/avatar/AvatarIcon.tsx
FN:6,AvatarIcon
FNF:1
FNH:1
FNDA:1,AvatarIcon
DA:7,1
LF:1
LH:1
BRF:0
BRH:0
end_of_record
TN:
SF:src/components/atoms/logo/Logo.stories.tsx
FN:9,(anonymous_0)
FNF:1
FNH:0
FNDA:0,(anonymous_0)
DA:9,0
DA:10,0
LF:2
LH:0
BRF:0
BRH:0
end_of_record
TN:
SF:src/components/atoms/logo/Logo.tsx
FN:6,Logo
FNF:1
FNH:1
FNDA:2,Logo
DA:7,2
LF:1
LH:1
BRF:0
BRH:0
end_of_record
TN:
SF:src/components/atoms/typography/TypographyTag.tsx
FN:10,TypographyTag
FNF:1
FNH:1
FNDA:48,TypographyTag
DA:11,48
LF:1
LH:1
BRF:0
BRH:0
end_of_record
TN:
SF:src/components/molecule/bannner/Banner.stories.tsx
FN:7,(anonymous_0)
FNF:1
FNH:0
FNDA:0,(anonymous_0)
DA:7,0
DA:8,0
LF:2
LH:0
BRF:0
BRH:0
end_of_record
TN:
SF:src/components/molecule/bannner/Banner.tsx
FN:5,Banner
FNF:1
FNH:1
FNDA:3,Banner
DA:6,3
LF:1
LH:1
BRF:0
BRH:0
end_of_record
TN:
SF:src/components/molecule/bookViewPageTab/BookViewPageTab.stories.tsx
FN:7,(anonymous_0)
FNF:1
FNH:0
FNDA:0,(anonymous_0)
DA:7,0
DA:8,0
DA:9,0
LF:3
LH:0
BRF:0
BRH:0
end_of_record
TN:
SF:src/components/molecule/bookViewPageTab/BookViewPageTab.tsx
FN:17,BookViewPageTab
FN:20,(anonymous_1)
FNF:2
FNH:2
FNDA:3,BookViewPageTab
FNDA:2,(anonymous_1)
DA:18,3
DA:20,3
DA:21,2
DA:23,3
DA:24,3
LF:5
LH:5
BRF:0
BRH:0
end_of_record
TN:
SF:src/components/molecule/bookViewPageTab/BookViewPageTabStyle.tsx
FNF:0
FNH:0
DA:3,1
LF:1
LH:1
BRF:0
BRH:0
end_of_record
TN:
SF:src/components/molecule/card/BookCard.tsx
FN:27,BookCard
FNF:1
FNH:1
FNDA:3,BookCard
DA:28,3
DA:29,3
LF:2
LH:2
BRDA:70,0,0,3
BRDA:70,0,1,1
BRDA:73,1,0,3
BRDA:73,1,1,1
BRDA:86,2,0,3
BRDA:86,2,1,2
BRDA:91,3,0,3
BRDA:91,3,1,1
BRF:8
BRH:8
end_of_record
TN:
SF:src/components/molecule/card/Card.stories.tsx
FN:10,(anonymous_0)
FNF:1
FNH:0
FNDA:0,(anonymous_0)
DA:4,0
DA:10,0
DA:11,0
DA:12,0
DA:21,0
DA:22,0
DA:31,0
DA:32,0
LF:8
LH:0
BRF:0
BRH:0
end_of_record
TN:
SF:src/components/molecule/card/CardStyle.tsx
FN:3,(anonymous_0)
FNF:1
FNH:1
FNDA:3,(anonymous_0)
DA:3,1
DA:4,3
LF:2
LH:2
BRF:0
BRH:0
end_of_record
TN:
SF:src/components/molecule/customButton/CustomButton.tsx
FN:8,CustomButton
FNF:1
FNH:1
FNDA:2,CustomButton
DA:9,2
LF:1
LH:1
BRF:0
BRH:0
end_of_record
TN:
SF:src/components/molecule/tab/ListTabs.tsx
FN:11,ListTabs
FN:14,(anonymous_1)
FNF:2
FNH:2
FNDA:2,ListTabs
FNDA:1,(anonymous_1)
DA:12,2
DA:14,2
DA:15,1
DA:16,1
DA:18,2
DA:19,2
LF:6
LH:6
BRDA:16,0,0,1
BRDA:16,0,1,1
BRF:2
BRH:2
end_of_record
TN:
SF:src/components/molecule/tab/ListTabsStyle.tsx
FNF:0
FNH:0
DA:3,1
LF:1
LH:1
BRF:0
BRH:0
end_of_record
TN:
SF:src/components/molecule/tab/Tabs.stories.tsx
FN:8,(anonymous_0)
FNF:1
FNH:0
FNDA:0,(anonymous_0)
DA:8,0
DA:9,0
DA:11,0
LF:3
LH:0
BRF:0
BRH:0
end_of_record
TN:
SF:src/components/organisms/MyLibrary/MyLibrary.stories.tsx
FN:8,(anonymous_0)
FNF:1
FNH:0
FNDA:0,(anonymous_0)
DA:8,0
DA:9,0
LF:2
LH:0
BRF:0
BRH:0
end_of_record
TN:
SF:src/components/organisms/MyLibrary/MyLibrary.tsx
FN:23,(anonymous_0)
FN:35,(anonymous_1)
FN:36,(anonymous_2)
FN:40,(anonymous_3)
FN:42,(anonymous_4)
FN:46,(anonymous_5)
FN:50,(anonymous_6)
FN:51,(anonymous_7)
FN:63,(anonymous_8)
FNF:9
FNH:0
FNDA:0,(anonymous_0)
FNDA:0,(anonymous_1)
FNDA:0,(anonymous_2)
FNDA:0,(anonymous_3)
FNDA:0,(anonymous_4)
FNDA:0,(anonymous_5)
FNDA:0,(anonymous_6)
FNDA:0,(anonymous_7)
FNDA:0,(anonymous_8)
DA:23,0
DA:24,0
DA:30,0
DA:31,0
DA:32,0
DA:33,0
DA:34,0
DA:35,0
DA:36,0
DA:37,0
DA:38,0
DA:39,0
DA:40,0
DA:42,0
DA:44,0
DA:46,0
DA:47,0
DA:50,0
DA:51,0
DA:52,0
DA:64,0
DA:65,0
DA:72,0
LF:23
LH:0
BRF:0
BRH:0
end_of_record
TN:
SF:src/components/organisms/bookView/BookView.stories.tsx
FN:8,(anonymous_0)
FNF:1
FNH:0
FNDA:0,(anonymous_0)
DA:8,0
DA:9,0
LF:2
LH:0
BRF:0
BRH:0
end_of_record
TN:
SF:src/components/organisms/bookView/BookView.tsx
FN:31,BookView
FN:36,(anonymous_1)
FN:37,bookData
FN:38,(anonymous_3)
FN:45,(anonymous_4)
FN:57,(anonymous_5)
FNF:6
FNH:0
FNDA:0,BookView
FNDA:0,(anonymous_1)
FNDA:0,bookData
FNDA:0,(anonymous_3)
FNDA:0,(anonymous_4)
FNDA:0,(anonymous_5)
DA:11,0
DA:32,0
DA:33,0
DA:34,0
DA:35,0
DA:36,0
DA:38,0
DA:39,0
DA:42,0
DA:44,0
DA:45,0
DA:47,0
DA:48,0
DA:58,0
DA:61,0
DA:64,0
LF:16
LH:0
BRF:0
BRH:0
end_of_record
TN:
SF:src/components/organisms/explore/Explore.stories.tsx
FN:9,(anonymous_0)
FNF:1
FNH:0
FNDA:0,(anonymous_0)
DA:9,0
DA:10,0
LF:2
LH:0
BRF:0
BRH:0
end_of_record
TN:
SF:src/components/organisms/explore/Explore.tsx
FN:34,Explore
FN:38,(anonymous_1)
FN:41,(anonymous_2)
FN:52,(anonymous_3)
FN:115,(anonymous_4)
FNF:5
FNH:0
FNDA:0,Explore
FNDA:0,(anonymous_1)
FNDA:0,(anonymous_2)
FNDA:0,(anonymous_3)
FNDA:0,(anonymous_4)
DA:11,0
DA:35,0
DA:36,0
DA:37,0
DA:38,0
DA:39,0
DA:41,0
DA:42,0
DA:43,0
DA:46,0
DA:49,0
DA:50,0
DA:52,0
DA:53,0
DA:55,0
DA:56,0
DA:115,0
LF:17
LH:0
BRDA:42,0,0,0
BRDA:42,0,1,0
BRDA:68,1,0,0
BRDA:68,1,1,0
BRDA:71,2,0,0
BRDA:71,2,1,0
BRF:6
BRH:0
end_of_record
TN:
SF:src/components/organisms/explore/ExploreGridItems.tsx
FN:43,ExploreGridItems
FNF:1
FNH:0
FNDA:0,ExploreGridItems
DA:24,0
DA:44,0
DA:45,0
LF:3
LH:0
BRF:0
BRH:0
end_of_record
TN:
SF:src/components/organisms/exploreBooks/ExploreBooks.stories.tsx
FN:8,(anonymous_0)
FNF:1
FNH:0
FNDA:0,(anonymous_0)
DA:8,0
DA:9,0
LF:2
LH:0
BRF:0
BRH:0
end_of_record
TN:
SF:src/components/organisms/exploreBooks/ExploreBooks.tsx
FN:19,ExploreBooks
FN:23,(anonymous_1)
FN:24,fetchBooks
FN:25,(anonymous_3)
FN:28,(anonymous_4)
FN:31,(anonymous_5)
FN:34,(anonymous_6)
FN:41,(anonymous_7)
FN:42,(anonymous_8)
FN:54,(anonymous_9)
FNF:10
FNH:0
FNDA:0,ExploreBooks
FNDA:0,(anonymous_1)
FNDA:0,fetchBooks
FNDA:0,(anonymous_3)
FNDA:0,(anonymous_4)
FNDA:0,(anonymous_5)
FNDA:0,(anonymous_6)
FNDA:0,(anonymous_7)
FNDA:0,(anonymous_8)
FNDA:0,(anonymous_9)
DA:20,0
DA:21,0
DA:22,0
DA:23,0
DA:25,0
DA:26,0
DA:27,0
DA:28,0
DA:30,0
DA:31,0
DA:33,0
DA:34,0
DA:38,0
DA:40,0
DA:41,0
DA:42,0
DA:43,0
DA:55,0
DA:56,0
DA:63,0
LF:20
LH:0
BRF:0
BRH:0
end_of_record
TN:
SF:src/components/organisms/footer/Footer.stories.tsx
FN:8,(anonymous_0)
FNF:1
FNH:0
FNDA:0,(anonymous_0)
DA:8,0
DA:10,0
LF:2
LH:0
BRF:0
BRH:0
end_of_record
TN:
SF:src/components/organisms/footer/Footer.tsx
FN:7,Footer
FNF:1
FNH:1
FNDA:1,Footer
DA:8,1
DA:9,1
LF:2
LH:2
BRF:0
BRH:0
end_of_record
TN:
SF:src/components/organisms/footer/FooterStyle.tsx
FN:2,(anonymous_0)
FNF:1
FNH:1
FNDA:1,(anonymous_0)
DA:2,1
DA:3,1
LF:2
LH:2
BRF:0
BRH:0
end_of_record
TN:
SF:src/components/organisms/footer/nav item/NavItem.stories.tsx
FN:7,(anonymous_0)
FNF:1
FNH:0
FNDA:0,(anonymous_0)
DA:7,0
DA:9,0
DA:10,0
DA:11,0
LF:4
LH:0
BRF:0
BRH:0
end_of_record
TN:
SF:src/components/organisms/footer/nav item/NavItem.tsx
FN:13,Item
FN:20,NavItem
FN:24,(anonymous_2)
FNF:3
FNH:3
FNDA:29,Item
FNDA:7,NavItem
FNDA:29,(anonymous_2)
DA:14,29
DA:21,7
DA:25,29
LF:3
LH:3
BRF:0
BRH:0
end_of_record
TN:
SF:src/components/organisms/footer/nav section/NavSection.stories.tsx
FN:7,(anonymous_0)
FNF:1
FNH:0
FNDA:0,(anonymous_0)
DA:7,0
DA:9,0
LF:2
LH:0
BRF:0
BRH:0
end_of_record
TN:
SF:src/components/organisms/footer/nav section/NavSection.tsx
FN:3,NavSection
FNF:1
FNH:1
FNDA:2,NavSection
DA:4,2
DA:5,2
DA:6,2
DA:7,2
LF:4
LH:4
BRF:0
BRH:0
end_of_record
TN:
SF:src/components/organisms/header/Header.stories.tsx
FN:8,(anonymous_0)
FNF:1
FNH:0
FNDA:0,(anonymous_0)
DA:8,0
DA:10,0
LF:2
LH:0
BRF:0
BRH:0
end_of_record
TN:
SF:src/components/organisms/header/Header.tsx
FN:22,Header
FNF:1
FNH:0
FNDA:0,Header
DA:15,0
DA:23,0
DA:24,0
LF:3
LH:0
BRF:0
BRH:0
end_of_record
TN:
SF:src/components/organisms/searchInput/SearchInput.stories.tsx
FN:8,(anonymous_0)
FNF:1
FNH:0
FNDA:0,(anonymous_0)
DA:8,0
DA:9,0
LF:2
LH:0
BRF:0
BRH:0
end_of_record
TN:
SF:src/components/organisms/searchInput/SearchInput.tsx
FN:5,SearchInput
FNF:1
FNH:0
FNDA:0,SearchInput
DA:6,0
LF:1
LH:0
BRF:0
BRH:0
end_of_record
TN:
SF:src/page/BookViewPage.tsx
FN:4,BookViewPage
FNF:1
FNH:0
FNDA:0,BookViewPage
DA:5,0
LF:1
LH:0
BRF:0
BRH:0
end_of_record
TN:
SF:src/page/EnterpreneurshipPage.tsx
FN:6,EnterpreneurshipPage
FNF:1
FNH:0
FNDA:0,EnterpreneurshipPage
DA:7,0
LF:1
LH:0
BRF:0
BRH:0
end_of_record
TN:
SF:src/page/MyLibrary.stories.tsx
FN:9,(anonymous_0)
FNF:1
FNH:0
FNDA:0,(anonymous_0)
DA:9,0
DA:10,0
DA:11,0
LF:3
LH:0
BRF:0
BRH:0
end_of_record
TN:
SF:src/page/MyLibraryPage.tsx
FN:4,MyLibraryPage
FNF:1
FNH:0
FNDA:0,MyLibraryPage
DA:5,0
LF:1
LH:0
BRF:0
BRH:0
end_of_record
TN:
SF:src/theme/blinkistTheme.tsx
FNF:0
FNH:0
DA:3,9
LF:1
LH:1
BRF:0
BRH:0
end_of_record
