TN:
SF:src/App.tsx
FN:8,App
FNF:1
FNH:0
FNDA:0,App
DA:9,0
LF:1
LH:0
BRF:0
BRH:0
end_of_record
TN:
SF:src/index.tsx
FNF:0
FNH:0
DA:7,0
DA:17,0
LF:2
LH:0
BRF:0
BRH:0
end_of_record
TN:
SF:src/reportWebVitals.ts
FN:3,(anonymous_0)
FN:5,(anonymous_1)
FNF:2
FNH:0
FNDA:0,(anonymous_0)
FNDA:0,(anonymous_1)
DA:3,0
DA:4,0
DA:5,0
DA:6,0
DA:7,0
DA:8,0
DA:9,0
DA:10,0
LF:8
LH:0
BRDA:4,0,0,0
BRDA:4,0,1,0
BRDA:4,1,0,0
BRDA:4,1,1,0
BRF:4
BRH:0
end_of_record
TN:
SF:src/components/atoms/avatar/Avatar.stories.tsx
FN:9,(anonymous_0)
FNF:1
FNH:0
FNDA:0,(anonymous_0)
DA:9,0
DA:10,0
DA:11,0
LF:3
LH:0
BRF:0
BRH:0
end_of_record
TN:
SF:src/components/atoms/avatar/AvatarIcon.tsx
FN:6,AvatarIcon
FNF:1
FNH:1
FNDA:6,AvatarIcon
DA:7,6
LF:1
LH:1
BRF:0
BRH:0
end_of_record
TN:
SF:src/components/atoms/logo/Logo.stories.tsx
FN:9,(anonymous_0)
FNF:1
FNH:0
FNDA:0,(anonymous_0)
DA:9,0
DA:10,0
LF:2
LH:0
BRF:0
BRH:0
end_of_record
TN:
SF:src/components/atoms/logo/Logo.tsx
FN:6,Logo
FNF:1
FNH:1
FNDA:10,Logo
DA:7,10
LF:1
LH:1
BRF:0
BRH:0
end_of_record
TN:
SF:src/components/atoms/typography/TypographyTag.tsx
FN:10,TypographyTag
FNF:1
FNH:1
FNDA:254,TypographyTag
DA:11,254
LF:1
LH:1
BRF:0
BRH:0
end_of_record
TN:
SF:src/components/molecule/bannner/Banner.stories.tsx
FN:7,(anonymous_0)
FNF:1
FNH:0
FNDA:0,(anonymous_0)
DA:7,0
DA:8,0
LF:2
LH:0
BRF:0
BRH:0
end_of_record
TN:
SF:src/components/molecule/bannner/Banner.tsx
FN:5,Banner
FNF:1
FNH:1
FNDA:4,Banner
DA:6,4
LF:1
LH:1
BRF:0
BRH:0
end_of_record
TN:
SF:src/components/molecule/bookViewPageTab/BookViewPageTab.stories.tsx
FN:7,(anonymous_0)
FNF:1
FNH:0
FNDA:0,(anonymous_0)
DA:7,0
DA:8,0
DA:9,0
LF:3
LH:0
BRF:0
BRH:0
end_of_record
TN:
SF:src/components/molecule/bookViewPageTab/BookViewPageTab.tsx
FN:17,BookViewPageTab
FN:20,(anonymous_1)
FNF:2
FNH:2
FNDA:13,BookViewPageTab
FNDA:4,(anonymous_1)
DA:18,13
DA:20,13
DA:21,4
DA:23,13
DA:24,13
LF:5
LH:5
BRF:0
BRH:0
end_of_record
TN:
SF:src/components/molecule/bookViewPageTab/BookViewPageTabStyle.tsx
FNF:0
FNH:0
DA:3,3
LF:1
LH:1
BRF:0
BRH:0
end_of_record
TN:
SF:src/components/molecule/card/BookCard.tsx
FN:28,BookCard
FNF:1
FNH:1
FNDA:65,BookCard
DA:29,65
DA:30,65
LF:2
LH:2
BRDA:71,0,0,65
BRDA:71,0,1,28
BRDA:74,1,0,65
BRDA:74,1,1,31
BRDA:87,2,0,65
BRDA:87,2,1,59
BRDA:92,3,0,65
BRDA:92,3,1,6
BRF:8
BRH:8
end_of_record
TN:
SF:src/components/molecule/card/Card.stories.tsx
FN:10,(anonymous_0)
FNF:1
FNH:0
FNDA:0,(anonymous_0)
DA:4,0
DA:10,0
DA:11,0
DA:12,0
DA:21,0
DA:22,0
DA:31,0
DA:32,0
LF:8
LH:0
BRF:0
BRH:0
end_of_record
TN:
SF:src/components/molecule/card/CardStyle.tsx
FN:3,(anonymous_0)
FNF:1
FNH:1
FNDA:11,(anonymous_0)
DA:3,5
DA:4,11
LF:2
LH:2
BRF:0
BRH:0
end_of_record
TN:
SF:src/components/molecule/customButton/CustomButton.tsx
FN:8,CustomButton
FNF:1
FNH:1
FNDA:7,CustomButton
DA:9,7
LF:1
LH:1
BRF:0
BRH:0
end_of_record
TN:
SF:src/components/molecule/tab/ListTabs.tsx
FN:11,ListTabs
FN:14,(anonymous_1)
FNF:2
FNH:2
FNDA:18,ListTabs
FNDA:3,(anonymous_1)
DA:12,18
DA:14,18
DA:15,3
DA:16,3
DA:18,18
DA:19,18
LF:6
LH:6
BRDA:16,0,0,3
BRDA:16,0,1,3
BRF:2
BRH:2
end_of_record
TN:
SF:src/components/molecule/tab/ListTabsStyle.tsx
FNF:0
FNH:0
DA:3,3
LF:1
LH:1
BRF:0
BRH:0
end_of_record
TN:
SF:src/components/molecule/tab/Tabs.stories.tsx
FN:8,(anonymous_0)
FNF:1
FNH:0
FNDA:0,(anonymous_0)
DA:8,0
DA:9,0
DA:11,0
LF:3
LH:0
BRF:0
BRH:0
end_of_record
TN:
SF:src/components/organisms/MyLibrary/MyLibrary.stories.tsx
FN:8,(anonymous_0)
FNF:1
FNH:0
FNDA:0,(anonymous_0)
DA:8,0
DA:9,0
LF:2
LH:0
BRF:0
BRH:0
end_of_record
TN:
SF:src/components/organisms/MyLibrary/MyLibrary.tsx
FN:23,(anonymous_0)
FN:35,(anonymous_1)
FN:36,(anonymous_2)
FN:40,(anonymous_3)
FN:42,(anonymous_4)
FN:46,(anonymous_5)
FN:50,(anonymous_6)
FN:51,(anonymous_7)
FN:63,(anonymous_8)
FNF:9
FNH:9
FNDA:16,(anonymous_0)
FNDA:5,(anonymous_1)
FNDA:5,(anonymous_2)
FNDA:16,(anonymous_3)
FNDA:16,(anonymous_4)
FNDA:2,(anonymous_5)
FNDA:32,(anonymous_6)
FNDA:36,(anonymous_7)
FNDA:1,(anonymous_8)
DA:23,2
DA:24,16
DA:30,16
DA:31,16
DA:32,16
DA:33,16
DA:34,16
DA:35,16
DA:36,5
DA:37,5
DA:38,4
DA:39,4
DA:40,16
DA:42,16
DA:44,5
DA:46,16
DA:47,2
DA:50,16
DA:51,32
DA:52,36
DA:64,1
DA:65,1
DA:73,16
LF:23
LH:23
BRF:0
BRH:0
end_of_record
TN:
SF:src/components/organisms/bookView/BookView.stories.tsx
FN:8,(anonymous_0)
FNF:1
FNH:0
FNDA:0,(anonymous_0)
DA:8,0
DA:9,0
LF:2
LH:0
BRF:0
BRH:0
end_of_record
TN:
SF:src/components/organisms/bookView/BookView.tsx
FN:31,BookView
FN:36,(anonymous_1)
FN:37,bookData
FN:38,(anonymous_3)
FN:45,(anonymous_4)
FNF:5
FNH:5
FNDA:8,BookView
FNDA:4,(anonymous_1)
FNDA:4,bookData
FNDA:3,(anonymous_3)
FNDA:1,(anonymous_4)
DA:11,2
DA:32,8
DA:33,8
DA:34,8
DA:35,8
DA:36,8
DA:38,4
DA:39,3
DA:42,4
DA:44,8
DA:45,8
DA:46,1
DA:56,1
DA:59,8
LF:14
LH:14
BRF:0
BRH:0
end_of_record
TN:
SF:src/components/organisms/explore/Explore.stories.tsx
FN:9,(anonymous_0)
FNF:1
FNH:0
FNDA:0,(anonymous_0)
DA:9,0
DA:10,0
LF:2
LH:0
BRF:0
BRH:0
end_of_record
TN:
SF:src/components/organisms/explore/Explore.tsx
FN:34,Explore
FN:38,(anonymous_1)
FN:41,(anonymous_2)
FN:52,(anonymous_3)
FN:117,(anonymous_4)
FNF:5
FNH:5
FNDA:9,Explore
FNDA:1,(anonymous_1)
FNDA:1,(anonymous_2)
FNDA:1,(anonymous_3)
FNDA:10,(anonymous_4)
DA:11,5
DA:35,9
DA:36,9
DA:37,9
DA:38,9
DA:39,1
DA:41,9
DA:42,1
DA:43,0
DA:46,1
DA:49,1
DA:50,1
DA:52,9
DA:53,1
DA:55,9
DA:56,9
DA:117,10
LF:17
LH:16
BRDA:42,0,0,0
BRDA:42,0,1,1
BRDA:69,1,0,8
BRDA:69,1,1,1
BRDA:72,2,0,9
BRDA:72,2,1,1
BRF:6
BRH:5
end_of_record
TN:
SF:src/components/organisms/explore/ExploreGridItems.tsx
FN:43,ExploreGridItems
FNF:1
FNH:1
FNDA:1,ExploreGridItems
DA:24,5
DA:44,1
DA:45,1
LF:3
LH:3
BRF:0
BRH:0
end_of_record
TN:
SF:src/components/organisms/exploreBooks/ExploreBooks.stories.tsx
FN:8,(anonymous_0)
FNF:1
FNH:0
FNDA:0,(anonymous_0)
DA:8,0
DA:9,0
LF:2
LH:0
BRF:0
BRH:0
end_of_record
TN:
SF:src/components/organisms/exploreBooks/ExploreBooks.tsx
FN:19,ExploreBooks
FN:23,(anonymous_1)
FN:24,fetchBooks
FN:25,(anonymous_3)
FN:28,(anonymous_4)
FN:31,(anonymous_5)
FN:34,(anonymous_6)
FN:41,(anonymous_7)
FN:42,(anonymous_8)
FN:54,(anonymous_9)
FNF:10
FNH:10
FNDA:18,ExploreBooks
FNDA:5,(anonymous_1)
FNDA:5,fetchBooks
FNDA:4,(anonymous_3)
FNDA:16,(anonymous_4)
FNDA:16,(anonymous_5)
FNDA:16,(anonymous_6)
FNDA:54,(anonymous_7)
FNDA:40,(anonymous_8)
FNDA:1,(anonymous_9)
DA:20,18
DA:21,18
DA:22,18
DA:23,18
DA:25,5
DA:26,4
DA:27,4
DA:28,16
DA:30,4
DA:31,16
DA:33,4
DA:34,16
DA:38,5
DA:40,18
DA:41,18
DA:42,54
DA:43,40
DA:55,1
DA:56,1
DA:64,18
LF:20
LH:20
BRF:0
BRH:0
end_of_record
TN:
SF:src/components/organisms/footer/Footer.stories.tsx
FN:8,(anonymous_0)
FNF:1
FNH:0
FNDA:0,(anonymous_0)
DA:8,0
DA:10,0
LF:2
LH:0
BRF:0
BRH:0
end_of_record
TN:
SF:src/components/organisms/footer/Footer.tsx
FN:7,Footer
FNF:1
FNH:1
FNDA:4,Footer
DA:8,4
DA:9,4
LF:2
LH:2
BRF:0
BRH:0
end_of_record
TN:
SF:src/components/organisms/footer/FooterStyle.tsx
FN:2,(anonymous_0)
FNF:1
FNH:1
FNDA:4,(anonymous_0)
DA:2,4
DA:3,4
LF:2
LH:2
BRF:0
BRH:0
end_of_record
TN:
SF:src/components/organisms/footer/nav item/NavItem.stories.tsx
FN:7,(anonymous_0)
FNF:1
FNH:0
FNDA:0,(anonymous_0)
DA:7,0
DA:9,0
DA:10,0
DA:11,0
LF:4
LH:0
BRF:0
BRH:0
end_of_record
TN:
SF:src/components/organisms/footer/nav item/NavItem.tsx
FN:13,Item
FN:20,NavItem
FN:24,(anonymous_2)
FNF:3
FNH:3
FNDA:68,Item
FNDA:16,NavItem
FNDA:68,(anonymous_2)
DA:14,68
DA:21,16
DA:25,68
LF:3
LH:3
BRF:0
BRH:0
end_of_record
TN:
SF:src/components/organisms/footer/nav section/NavSection.stories.tsx
FN:7,(anonymous_0)
FNF:1
FNH:0
FNDA:0,(anonymous_0)
DA:7,0
DA:9,0
LF:2
LH:0
BRF:0
BRH:0
end_of_record
TN:
SF:src/components/organisms/footer/nav section/NavSection.tsx
FN:3,NavSection
FNF:1
FNH:1
FNDA:5,NavSection
DA:4,5
DA:5,5
DA:6,5
DA:7,5
LF:4
LH:4
BRF:0
BRH:0
end_of_record
TN:
SF:src/components/organisms/header/Header.stories.tsx
FN:8,(anonymous_0)
FNF:1
FNH:0
FNDA:0,(anonymous_0)
DA:8,0
DA:10,0
LF:2
LH:0
BRF:0
BRH:0
end_of_record
TN:
SF:src/components/organisms/header/Header.tsx
FN:22,Header
FNF:1
FNH:1
FNDA:5,Header
DA:15,4
DA:23,5
DA:24,5
LF:3
LH:3
BRF:0
BRH:0
end_of_record
TN:
SF:src/components/organisms/searchInput/SearchInput.stories.tsx
FN:8,(anonymous_0)
FNF:1
FNH:0
FNDA:0,(anonymous_0)
DA:8,0
DA:9,0
LF:2
LH:0
BRF:0
BRH:0
end_of_record
TN:
SF:src/components/organisms/searchInput/SearchInput.tsx
FN:5,SearchInput
FNF:1
FNH:1
FNDA:2,SearchInput
DA:6,2
LF:1
LH:1
BRF:0
BRH:0
end_of_record
TN:
SF:src/page/bookViewPage/BookViewPage.tsx
FN:4,BookViewPage
FNF:1
FNH:1
FNDA:1,BookViewPage
DA:5,1
LF:1
LH:1
BRF:0
BRH:0
end_of_record
TN:
SF:src/page/enterpreneurshipPage/EnterpreneurshipPage.tsx
FN:6,EnterpreneurshipPage
FNF:1
FNH:1
FNDA:1,EnterpreneurshipPage
DA:7,1
LF:1
LH:1
BRF:0
BRH:0
end_of_record
TN:
SF:src/page/myLibraryPage/MyLibraryPage.tsx
FN:4,MyLibraryPage
FNF:1
FNH:1
FNDA:1,MyLibraryPage
DA:5,1
LF:1
LH:1
BRF:0
BRH:0
end_of_record
TN:
SF:src/theme/blinkistTheme.tsx
FNF:0
FNH:0
DA:3,17
LF:1
LH:1
BRF:0
BRH:0
end_of_record
